----------------------------------------------------------------------------------------------------------------------------------------------------------------------------------
      name:  <unnamed>
       log:  C:\Users\Admin\Dropbox\My PC (DESKTOP-9MD6Q97)\Documents\fall-2022\LectureNotes\14-Opt\constrainedOpt.log
  log type:  text
 opened on:   8 Nov 2022, 08:40:44

. 
. insheet using "https://raw.githubusercontent.com/OU-PhD-Econometrics/fall-2020/master/ProblemSets/PS8-factor/nlsy.csv", comma case clear
(15 vars, 2,438 obs)

. 
. * various regression estimates of returns to schooling
. reg logwage black hispanic female schoolt gradHS grad4yr

      Source |       SS           df       MS      Number of obs   =     2,438
-------------+----------------------------------   F(6, 2431)      =     69.52
       Model |  95.0890246         6  15.8481708   Prob > F        =    0.0000
    Residual |  554.160327     2,431  .227955708   R-squared       =    0.1465
-------------+----------------------------------   Adj R-squared   =    0.1444
       Total |  649.249351     2,437  .266413357   Root MSE        =    .47745

------------------------------------------------------------------------------
     logwage | Coefficient  Std. err.      t    P>|t|     [95% conf. interval]
-------------+----------------------------------------------------------------
       black |  -.1674411   .0242698    -6.90   0.000    -.2150327   -.1198494
    hispanic |   -.054249   .0257864    -2.10   0.035    -.1048145   -.0036835
      female |  -.1550492   .0197897    -7.83   0.000    -.1938555   -.1162428
     schoolt |    .005251   .0049464     1.06   0.289    -.0044486    .0149506
      gradHS |   .1956485   .0494231     3.96   0.000     .0987327    .2925643
     grad4yr |   .2991313   .0276911    10.80   0.000     .2448308    .3534319
       _cons |   2.007713   .0486417    41.28   0.000     1.912329    2.103096
------------------------------------------------------------------------------

. 
. gsem (logwage <- black hispanic female schoolt gradHS grad4yr)

Iteration 0:   log likelihood = -1653.4489  
Iteration 1:   log likelihood = -1653.4489  

Generalized structural equation model                    Number of obs = 2,438
Response         : logwage
Family           : Gaussian
Link             : identity
Log likelihood = -1653.4489

-------------------------------------------------------------------------------
              | Coefficient  Std. err.      z    P>|z|     [95% conf. interval]
--------------+----------------------------------------------------------------
logwage       |
        black |  -.1674411   .0242349    -6.91   0.000    -.2149407   -.1199414
     hispanic |   -.054249   .0257493    -2.11   0.035    -.1047168   -.0037813
       female |  -.1550492   .0197612    -7.85   0.000    -.1937805   -.1163178
      schoolt |    .005251   .0049393     1.06   0.288    -.0044298    .0149318
       gradHS |   .1956485   .0493521     3.96   0.000     .0989201    .2923769
      grad4yr |   .2991313   .0276513    10.82   0.000     .2449358    .3533269
        _cons |   2.007713   .0485718    41.33   0.000     1.912514    2.102912
--------------+----------------------------------------------------------------
var(e.logwage)|   .2273012   .0065103                      .2148928    .2404261
-------------------------------------------------------------------------------

. 
. log close
      name:  <unnamed>
       log:  C:\Users\Admin\Dropbox\My PC (DESKTOP-9MD6Q97)\Documents\fall-2022\LectureNotes\14-Opt\constrainedOpt.log
  log type:  text
 closed on:   8 Nov 2022, 08:40:47
----------------------------------------------------------------------------------------------------------------------------------------------------------------------------------
